                                                         
#########################################################
#                                                       #
#                   JOB INFORMATIONS                    #
#                                                       #
#########################################################
                                                           
Name:  x2
Repetitions: 3.0
Timesteps: 10000
Required Timesteps: 30000
Walltime/s: 86400
Sleep Time/s: 86550
                                                         
#########################################################
#                                                       #
#                  START/RESTART JOB                    #
#                                                       #
#########################################################
                                                           
Submitted batch job 584989
Job is pending -> sleeping for 30min
Job is pending -> sleeping for 30min
Job is pending -> sleeping for 30min
Job is pending -> sleeping for 30min
Job is pending -> sleeping for 30min
Job is pending -> sleeping for 30min
Job is pending -> sleeping for 30min
Job is pending -> sleeping for 30min
Job is pending -> sleeping for 30min
Job is pending -> sleeping for 30min
Job is pending -> sleeping for 30min
Job is pending -> sleeping for 30min
Job is pending -> sleeping for 30min
Job is pending -> sleeping for 30min
Job is pending -> sleeping for 30min
Job is pending -> sleeping for 30min
Job is pending -> sleeping for 30min
Job is pending -> sleeping for 30min
Job is pending -> sleeping for 30min
Job is pending -> sleeping for 30min
Job is pending -> sleeping for 30min
Job is pending -> sleeping for 30min
Job is pending -> sleeping for 30min
Current Sleep Time/s: 86542
Sleeping for 86542 s
Current Timesteps: 30000
Current Timesteps greater or equals Reqired Timesteps
Starting last run of GKW!
Submitted batch job 585263
